[32minfo[39m: Listening to port 5000
[32minfo[39m: Listening to port 5000
[32minfo[39m: Listening to port 5000
[32minfo[39m: Listening to port 5000
[32minfo[39m: Listening to port 5000
[32minfo[39m: Listening to port 5000
[32minfo[39m: Listening to port 5000
[32minfo[39m: Listening to port 5000
[32minfo[39m: Listening to port 5000
[32minfo[39m: Listening to port 5000
[32minfo[39m: Listening to port 5000
[32minfo[39m: Listening to port 5000
[32minfo[39m: Listening to port 5000
[32minfo[39m: Listening to port 5000
[32minfo[39m: Listening to port 5000
[32minfo[39m: Listening to port 5000
[32minfo[39m: Listening to port 5000
[32minfo[39m: Listening to port 5000
[32minfo[39m: Listening to port 5000
[32minfo[39m: Listening to port 5000
[32minfo[39m: Listening to port 5000
[32minfo[39m: Listening to port 5000
[32minfo[39m: Listening to port 5000
[32minfo[39m: Listening to port 5000
[32minfo[39m: Listening to port 5000
[32minfo[39m: Listening to port 5000
[32minfo[39m: Listening to port 5000
[32minfo[39m: Listening to port 5000
[32minfo[39m: Listening to port 5000
[32minfo[39m: Listening to port 5000
[32minfo[39m: Listening to port 5000
[32minfo[39m: Listening to port 5000
[32minfo[39m: Listening to port 5000
[32minfo[39m: Listening to port 5000
[32minfo[39m: Listening to port 5000
[32minfo[39m: Listening to port 5000
[32minfo[39m: Listening to port 5000
[32minfo[39m: Listening to port 5000
[32minfo[39m: Listening to port 5000
[32minfo[39m: Listening to port 5000
[32minfo[39m: Listening to port 5000
[32minfo[39m: Listening to port 5000
[32minfo[39m: Listening to port 5000
[32minfo[39m: Listening to port 5000
[32minfo[39m: Listening to port 5000
[32minfo[39m: Listening to port 5000
[32minfo[39m: Listening to port 5000
[32minfo[39m: Listening to port 5000
[32minfo[39m: Listening to port 5000
[32minfo[39m: Listening to port 5000
[32minfo[39m: Listening to port 5000
[32minfo[39m: Listening to port 5000
[32minfo[39m: Listening to port 5000
[32minfo[39m: Listening to port 5000
[32minfo[39m: Listening to port 5000
[32minfo[39m: Listening to port 5000
[32minfo[39m: Listening to port 5000
[32minfo[39m: Listening to port 5000
[32minfo[39m: Listening to port 5000
[32minfo[39m: Listening to port 5000
[32minfo[39m: Listening to port 5000
[32minfo[39m: Listening to port 5000
[32minfo[39m: Listening to port 5000
[32minfo[39m: Listening to port 5000
[32minfo[39m: Listening to port 5000
[32minfo[39m: Listening to port 5000
[32minfo[39m: GET / 302 - 9.665 ms
[32minfo[39m: GET /dashboard 302 - 1.799 ms
[32minfo[39m: GET /auth/login 200 - 14.018 ms
[32minfo[39m: GET /assets/images/cop.png 200 - 4.983 ms
[32minfo[39m: GET /assets/images/demo-6.png 200 - 7.593 ms
[32minfo[39m: GET /assets/plugins/global/plugins.bundle.css 200 - 14.075 ms
[32minfo[39m: GET /assets/css/style.bundle.css 200 - 5.317 ms
[32minfo[39m: GET /assets/media/misc/pattern-2.png 200 - 0.872 ms
[32minfo[39m: POST /auth/login 200 - 237.038 ms
[32minfo[39m: GET /favicon.ico 302 - 1.520 ms
[32minfo[39m: GET /dashboard 200 - 20.835 ms
[32minfo[39m: Listening to port 5000
[32minfo[39m: Listening to port 5000
[32minfo[39m: POST /auth/login 200 - 217.232 ms
[32minfo[39m: GET /favicon.ico 302 - 9.354 ms
[32minfo[39m: GET /dashboard 304 - 38.185 ms
[32minfo[39m: Listening to port 5000
[32minfo[39m: Listening to port 5000
[32minfo[39m: GET / 302 - 11.731 ms
[32minfo[39m: GET /dashboard 304 - 152.716 ms
[32minfo[39m: GET /sass/components/_variables.scss 200 - 3.398 ms
[32minfo[39m: GET /assets/css/style.bundle.css 304 - 5.138 ms
[32minfo[39m: GET /assets/plugins/global/plugins.bundle.css 304 - 3.895 ms
[32minfo[39m: GET /sass/components/_tooltip.scss 200 - 12.042 ms
[32minfo[39m: GET /assets/plugins/custom/fullcalendar/fullcalendar.bundle.css 200 - 14.044 ms
[32minfo[39m: GET /assets/plugins/custom/datatables/datatables.bundle.css 200 - 16.227 ms
[32minfo[39m: GET /assets/media/logos/default-small.svg 200 - 11.754 ms
[32minfo[39m: GET /assets/media/avatars/300-3.jpg 200 - 11.012 ms
[32minfo[39m: GET /assets/images/cop.png 304 - 1.656 ms
[32minfo[39m: GET /assets/plugins/custom/formrepeater/formrepeater.bundle.js 200 - 2.888 ms
[32minfo[39m: GET /assets/js/scripts.bundle.js 200 - 2.769 ms
[32minfo[39m: GET /assets/plugins/custom/fullcalendar/fullcalendar.bundle.js 200 - 5.284 ms
[32minfo[39m: GET /assets/js/custom/widgets.js 200 - 16.607 ms
[32minfo[39m: GET /assets/js/custom/apps/chat/chat.js 200 - 27.874 ms
[32minfo[39m: GET /assets/js/widgets.bundle.js 200 - 16.031 ms
[32minfo[39m: GET /assets/js/custom/utilities/modals/upgrade-plan.js 200 - 13.004 ms
[32minfo[39m: GET /assets/js/custom/utilities/modals/create-app.js 200 - 15.830 ms
[32minfo[39m: GET /assets/js/custom/utilities/modals/new-target.js 200 - 17.037 ms
[32minfo[39m: GET /assets/js/custom/utilities/modals/users-search.js 200 - 21.283 ms
[32minfo[39m: GET /assets/images/cop.png 304 - 6.244 ms
[32minfo[39m: GET /js/components/app.js 200 - 24.313 ms
[32minfo[39m: GET /assets/plugins/global/fonts/keenicons/keenicons-duotone.ttf?eut7fk 200 - 9.523 ms
[32minfo[39m: GET /assets/plugins/global/fonts/keenicons/keenicons-duotone.woff?eut7fk 200 - 6.634 ms
[32minfo[39m: GET /assets/plugins/global/plugins.bundle.js 200 - 2.954 ms
[32minfo[39m: GET /assets/plugins/custom/datatables/datatables.bundle.js 200 - 18.031 ms
[32minfo[39m: GET / 302 - 1.585 ms
[32minfo[39m: GET /dashboard 304 - 16.184 ms
[32minfo[39m: GET /sass/components/_variables.scss 304 - 0.702 ms
[32minfo[39m: GET /sass/components/_tooltip.scss 304 - 0.745 ms
[32minfo[39m: GET /assets/plugins/custom/fullcalendar/fullcalendar.bundle.css 304 - 0.685 ms
[32minfo[39m: GET /assets/plugins/custom/datatables/datatables.bundle.css 304 - 1.268 ms
[32minfo[39m: GET /assets/plugins/global/plugins.bundle.css 304 - 2.353 ms
[32minfo[39m: GET /assets/css/style.bundle.css 304 - 3.753 ms
[32minfo[39m: GET /assets/media/logos/default-small.svg 304 - 1.886 ms
[32minfo[39m: GET /assets/media/avatars/300-3.jpg 304 - 3.175 ms
[32minfo[39m: GET /assets/images/cop.png 304 - 1.116 ms
[32minfo[39m: GET /assets/plugins/global/plugins.bundle.js 304 - 1.675 ms
[32minfo[39m: GET /assets/js/scripts.bundle.js 304 - 0.862 ms
[32minfo[39m: GET /assets/plugins/custom/formrepeater/formrepeater.bundle.js 304 - 1.191 ms
[32minfo[39m: GET /assets/plugins/custom/fullcalendar/fullcalendar.bundle.js 304 - 0.423 ms
[32minfo[39m: GET /assets/plugins/custom/datatables/datatables.bundle.js 304 - 2.668 ms
[32minfo[39m: GET /assets/js/widgets.bundle.js 304 - 5.022 ms
[32minfo[39m: GET /assets/js/custom/widgets.js 304 - 5.716 ms
[32minfo[39m: GET /assets/js/custom/apps/chat/chat.js 304 - 5.768 ms
[32minfo[39m: GET /assets/js/custom/utilities/modals/upgrade-plan.js 304 - 1.726 ms
[32minfo[39m: GET /assets/js/custom/utilities/modals/create-app.js 304 - 2.983 ms
[32minfo[39m: GET /assets/js/custom/utilities/modals/new-target.js 304 - 6.430 ms
[32minfo[39m: GET /assets/js/custom/utilities/modals/users-search.js 304 - 7.952 ms
[32minfo[39m: GET /js/components/app.js 304 - 2.254 ms
[32minfo[39m: GET /assets/plugins/global/fonts/keenicons/keenicons-duotone.ttf?eut7fk 304 - 0.449 ms
[32minfo[39m: GET /assets/plugins/global/fonts/keenicons/keenicons-duotone.woff?eut7fk 304 - 0.389 ms
[32minfo[39m: GET /sass/components/_variables.scss 304 - 1.035 ms
[32minfo[39m: GET /sass/components/_tooltip.scss 304 - 1.575 ms
[32minfo[39m: GET /assets/plugins/custom/fullcalendar/fullcalendar.bundle.css 304 - 3.774 ms
[32minfo[39m: GET /assets/plugins/custom/datatables/datatables.bundle.css 304 - 4.449 ms
[32minfo[39m: GET /assets/plugins/global/plugins.bundle.css 304 - 6.728 ms
[32minfo[39m: GET /assets/css/style.bundle.css 304 - 2.022 ms
[32minfo[39m: GET /dashboard 302 - 1.956 ms
[32minfo[39m: GET /auth/login 200 - 5.301 ms
[32minfo[39m: GET /assets/plugins/global/plugins.bundle.css 304 - 0.624 ms
[32minfo[39m: GET /assets/css/style.bundle.css 304 - 1.778 ms
[32minfo[39m: GET /assets/images/cop.png 304 - 2.036 ms
[32minfo[39m: GET /assets/images/demo-6.png 206 - 4.437 ms
[32minfo[39m: GET /assets/images/demo-6.png 206 - 5.172 ms
[32minfo[39m: GET /assets/media/misc/pattern-2.png 304 - 0.618 ms
[32minfo[39m: POST /auth/login 200 - 203.297 ms
[32minfo[39m: GET /favicon.ico 302 - 0.843 ms
[32minfo[39m: GET /dashboard 200 - 19.460 ms
[32minfo[39m: Listening to port 5000
[32minfo[39m: Listening to port 5000
[32minfo[39m: Listening to port 5000
[32minfo[39m: POST /auth/login 200 - 237.852 ms
[32minfo[39m: GET /favicon.ico 302 - 10.749 ms
[32minfo[39m: GET /dashboard 304 - 24.384 ms
[32minfo[39m: POST /auth/login 200 - 107.393 ms
[32minfo[39m: GET /favicon.ico 302 - 1.351 ms
[32minfo[39m: GET /dashboard 304 - 17.559 ms
[32minfo[39m: GET / 302 - 1.966 ms
[32minfo[39m: GET /dashboard 304 - 13.041 ms
[32minfo[39m: GET /sass/components/_variables.scss 304 - 3.994 ms
[32minfo[39m: GET /sass/components/_tooltip.scss 304 - 2.546 ms
[32minfo[39m: GET /assets/plugins/custom/fullcalendar/fullcalendar.bundle.css 304 - 3.095 ms
[32minfo[39m: GET /assets/plugins/custom/datatables/datatables.bundle.css 304 - 3.841 ms
[32minfo[39m: GET /assets/plugins/global/plugins.bundle.css 304 - 4.537 ms
[32minfo[39m: GET /assets/css/style.bundle.css 304 - 5.437 ms
[32minfo[39m: GET /assets/media/logos/default-small.svg 304 - 2.005 ms
[32minfo[39m: GET /assets/media/avatars/300-3.jpg 304 - 0.910 ms
[32minfo[39m: GET /assets/images/cop.png 304 - 0.734 ms
[32minfo[39m: GET /assets/plugins/global/plugins.bundle.js 304 - 0.598 ms
[32minfo[39m: GET /assets/js/scripts.bundle.js 304 - 0.460 ms
[32minfo[39m: GET /assets/plugins/custom/formrepeater/formrepeater.bundle.js 304 - 0.793 ms
[32minfo[39m: GET /assets/plugins/custom/fullcalendar/fullcalendar.bundle.js 304 - 1.434 ms
[32minfo[39m: GET /assets/plugins/custom/datatables/datatables.bundle.js 304 - 1.179 ms
[32minfo[39m: GET /assets/js/widgets.bundle.js 304 - 1.936 ms
[32minfo[39m: GET /assets/js/custom/widgets.js 304 - 2.357 ms
[32minfo[39m: GET /assets/js/custom/apps/chat/chat.js 304 - 6.349 ms
[32minfo[39m: GET /assets/js/custom/utilities/modals/upgrade-plan.js 304 - 2.671 ms
[32minfo[39m: GET /assets/js/custom/utilities/modals/create-app.js 304 - 11.953 ms
[32minfo[39m: GET /assets/js/custom/utilities/modals/new-target.js 304 - 2.150 ms
[32minfo[39m: GET /assets/js/custom/utilities/modals/users-search.js 304 - 9.614 ms
[32minfo[39m: GET /js/components/app.js 304 - 6.517 ms
[32minfo[39m: GET /assets/plugins/global/fonts/keenicons/keenicons-duotone.ttf?eut7fk 304 - 0.741 ms
[32minfo[39m: GET /assets/plugins/global/fonts/keenicons/keenicons-duotone.woff?eut7fk 304 - 2.617 ms
[32minfo[39m: Listening to port 5000
[32minfo[39m: Listening to port 5000
[32minfo[39m: Listening to port 5000
[32minfo[39m: Listening to port 5000
[32minfo[39m: Listening to port 5000
[32minfo[39m: GET /auth/login 200 - 18.184 ms
[32minfo[39m: GET /assets/plugins/global/plugins.bundle.css 304 - 3.107 ms
[32minfo[39m: GET /assets/css/style.bundle.css 304 - 3.121 ms
[32minfo[39m: GET /assets/images/cop.png 304 - 3.752 ms
[32minfo[39m: GET /assets/images/demo-6.png 206 - 5.887 ms
[32minfo[39m: GET /assets/media/misc/pattern-2.png 304 - 0.604 ms
[31merror[39m: ReferenceError: C:\Vraj Patel\Development\COP-BACKEND-N\src\views\layouts\main.ejs:99
    97|         <%- include('../partials/header') %>
    98|         <div class="app-wrapper flex-column flex-row-fluid" id="kt_app_wrapper">
 >> 99|           <%- include('../partials/sidebar') %>
    100|           <!-- <div class="app-main flex-column flex-row-fluid" id="kt_app_main">
    101| 						<div class="d-flex flex-column flex-column-fluid"> -->
    102|           <main>

C:\Vraj Patel\Development\COP-BACKEND-N\src\views\partials\sidebar.ejs:72
    70|           data-kt-menu-expand="false"
    71|         >
 >> 72|           <% sidebarItems.forEach(function(item) { %> <% if (item.children &&
    73|           item.children.length > 0) { %>
    74|           <div data-kt-menu-trigger="click" class="menu-item menu-accordion">
    75|             <span class="menu-link">

sidebarItems is not defined
    at eval (eval at compile (C:\Vraj Patel\Development\COP-BACKEND-N\node_modules\ejs\lib\ejs.js:673:12), <anonymous>:12:8)
    at sidebar (C:\Vraj Patel\Development\COP-BACKEND-N\node_modules\ejs\lib\ejs.js:703:17)
    at include (C:\Vraj Patel\Development\COP-BACKEND-N\node_modules\ejs\lib\ejs.js:701:39)
    at eval (eval at compile (C:\Vraj Patel\Development\COP-BACKEND-N\node_modules\ejs\lib\ejs.js:673:12), <anonymous>:18:17)
    at main (C:\Vraj Patel\Development\COP-BACKEND-N\node_modules\ejs\lib\ejs.js:703:17)
    at tryHandleCache (C:\Vraj Patel\Development\COP-BACKEND-N\node_modules\ejs\lib\ejs.js:274:36)
    at exports.renderFile [as engine] (C:\Vraj Patel\Development\COP-BACKEND-N\node_modules\ejs\lib\ejs.js:491:10)
    at View.render (C:\Vraj Patel\Development\COP-BACKEND-N\node_modules\express\lib\view.js:135:8)
    at tryRender (C:\Vraj Patel\Development\COP-BACKEND-N\node_modules\express\lib\application.js:640:10)
    at Function.render (C:\Vraj Patel\Development\COP-BACKEND-N\node_modules\express\lib\application.js:592:3)
[31merror[39m: POST /auth/login 500 - 287.874 ms - message: C:\Vraj Patel\Development\COP-BACKEND-N\src\views\layouts\main.ejs:99
    97|         <%- include('../partials/header') %>
    98|         <div class="app-wrapper flex-column flex-row-fluid" id="kt_app_wrapper">
 >> 99|           <%- include('../partials/sidebar') %>
    100|           <!-- <div class="app-main flex-column flex-row-fluid" id="kt_app_main">
    101| 						<div class="d-flex flex-column flex-column-fluid"> -->
    102|           <main>

C:\Vraj Patel\Development\COP-BACKEND-N\src\views\partials\sidebar.ejs:72
    70|           data-kt-menu-expand="false"
    71|         >
 >> 72|           <% sidebarItems.forEach(function(item) { %> <% if (item.children &&
    73|           item.children.length > 0) { %>
    74|           <div data-kt-menu-trigger="click" class="menu-item menu-accordion">
    75|             <span class="menu-link">

sidebarItems is not defined
[32minfo[39m: GET /favicon.ico 302 - 4.867 ms
[32minfo[39m: GET /dashboard 304 - 23.250 ms
[32minfo[39m: Listening to port 5000
[31merror[39m: TypeError: C:\Vraj Patel\Development\COP-BACKEND-N\src\views\layouts\main.ejs:99
    97|         <%- include('../partials/header') %>
    98|         <div class="app-wrapper flex-column flex-row-fluid" id="kt_app_wrapper">
 >> 99|           <%- include('../partials/sidebar') %>
    100|           <!-- <div class="app-main flex-column flex-row-fluid" id="kt_app_main">
    101| 						<div class="d-flex flex-column flex-column-fluid"> -->
    102|           <main>

C:\Vraj Patel\Development\COP-BACKEND-N\src\views\partials\sidebar.ejs:72
    70|           data-kt-menu-expand="false"
    71|         >
 >> 72|           <% sidebarItems.forEach(function(item) { %> <% if (item.children &&
    73|           item.children.length > 0) { %>
    74|           <div data-kt-menu-trigger="click" class="menu-item menu-accordion">
    75|             <span class="menu-link">

Cannot read properties of undefined (reading 'forEach')
    at eval (eval at compile (C:\Vraj Patel\Development\COP-BACKEND-N\node_modules\ejs\lib\ejs.js:673:12), <anonymous>:12:21)
    at sidebar (C:\Vraj Patel\Development\COP-BACKEND-N\node_modules\ejs\lib\ejs.js:703:17)
    at include (C:\Vraj Patel\Development\COP-BACKEND-N\node_modules\ejs\lib\ejs.js:701:39)
    at eval (eval at compile (C:\Vraj Patel\Development\COP-BACKEND-N\node_modules\ejs\lib\ejs.js:673:12), <anonymous>:18:17)
    at main (C:\Vraj Patel\Development\COP-BACKEND-N\node_modules\ejs\lib\ejs.js:703:17)
    at tryHandleCache (C:\Vraj Patel\Development\COP-BACKEND-N\node_modules\ejs\lib\ejs.js:274:36)
    at exports.renderFile [as engine] (C:\Vraj Patel\Development\COP-BACKEND-N\node_modules\ejs\lib\ejs.js:491:10)
    at View.render (C:\Vraj Patel\Development\COP-BACKEND-N\node_modules\express\lib\view.js:135:8)
    at tryRender (C:\Vraj Patel\Development\COP-BACKEND-N\node_modules\express\lib\application.js:640:10)
    at Function.render (C:\Vraj Patel\Development\COP-BACKEND-N\node_modules\express\lib\application.js:592:3)
[31merror[39m: POST /auth/login 500 - 218.837 ms - message: C:\Vraj Patel\Development\COP-BACKEND-N\src\views\layouts\main.ejs:99
    97|         <%- include('../partials/header') %>
    98|         <div class="app-wrapper flex-column flex-row-fluid" id="kt_app_wrapper">
 >> 99|           <%- include('../partials/sidebar') %>
    100|           <!-- <div class="app-main flex-column flex-row-fluid" id="kt_app_main">
    101| 						<div class="d-flex flex-column flex-column-fluid"> -->
    102|           <main>

C:\Vraj Patel\Development\COP-BACKEND-N\src\views\partials\sidebar.ejs:72
    70|           data-kt-menu-expand="false"
    71|         >
 >> 72|           <% sidebarItems.forEach(function(item) { %> <% if (item.children &&
    73|           item.children.length > 0) { %>
    74|           <div data-kt-menu-trigger="click" class="menu-item menu-accordion">
    75|             <span class="menu-link">

Cannot read properties of undefined (reading 'forEach')
[32minfo[39m: GET /favicon.ico 302 - 5.198 ms
[32minfo[39m: GET /dashboard 304 - 17.535 ms
[31merror[39m: TypeError: C:\Vraj Patel\Development\COP-BACKEND-N\src\views\layouts\main.ejs:99
    97|         <%- include('../partials/header') %>
    98|         <div class="app-wrapper flex-column flex-row-fluid" id="kt_app_wrapper">
 >> 99|           <%- include('../partials/sidebar') %>
    100|           <!-- <div class="app-main flex-column flex-row-fluid" id="kt_app_main">
    101| 						<div class="d-flex flex-column flex-column-fluid"> -->
    102|           <main>

C:\Vraj Patel\Development\COP-BACKEND-N\src\views\partials\sidebar.ejs:72
    70|           data-kt-menu-expand="false"
    71|         >
 >> 72|           <% sidebarItems.forEach(function(item) { %> <% if (item.children &&
    73|           item.children.length > 0) { %>
    74|           <div data-kt-menu-trigger="click" class="menu-item menu-accordion">
    75|             <span class="menu-link">

Cannot read properties of undefined (reading 'forEach')
    at eval (eval at compile (C:\Vraj Patel\Development\COP-BACKEND-N\node_modules\ejs\lib\ejs.js:673:12), <anonymous>:12:21)
    at sidebar (C:\Vraj Patel\Development\COP-BACKEND-N\node_modules\ejs\lib\ejs.js:703:17)
    at include (C:\Vraj Patel\Development\COP-BACKEND-N\node_modules\ejs\lib\ejs.js:701:39)
    at eval (eval at compile (C:\Vraj Patel\Development\COP-BACKEND-N\node_modules\ejs\lib\ejs.js:673:12), <anonymous>:18:17)
    at main (C:\Vraj Patel\Development\COP-BACKEND-N\node_modules\ejs\lib\ejs.js:703:17)
    at tryHandleCache (C:\Vraj Patel\Development\COP-BACKEND-N\node_modules\ejs\lib\ejs.js:274:36)
    at exports.renderFile [as engine] (C:\Vraj Patel\Development\COP-BACKEND-N\node_modules\ejs\lib\ejs.js:491:10)
    at View.render (C:\Vraj Patel\Development\COP-BACKEND-N\node_modules\express\lib\view.js:135:8)
    at tryRender (C:\Vraj Patel\Development\COP-BACKEND-N\node_modules\express\lib\application.js:640:10)
    at Function.render (C:\Vraj Patel\Development\COP-BACKEND-N\node_modules\express\lib\application.js:592:3)
[31merror[39m: POST /auth/login 500 - 161.071 ms - message: C:\Vraj Patel\Development\COP-BACKEND-N\src\views\layouts\main.ejs:99
    97|         <%- include('../partials/header') %>
    98|         <div class="app-wrapper flex-column flex-row-fluid" id="kt_app_wrapper">
 >> 99|           <%- include('../partials/sidebar') %>
    100|           <!-- <div class="app-main flex-column flex-row-fluid" id="kt_app_main">
    101| 						<div class="d-flex flex-column flex-column-fluid"> -->
    102|           <main>

C:\Vraj Patel\Development\COP-BACKEND-N\src\views\partials\sidebar.ejs:72
    70|           data-kt-menu-expand="false"
    71|         >
 >> 72|           <% sidebarItems.forEach(function(item) { %> <% if (item.children &&
    73|           item.children.length > 0) { %>
    74|           <div data-kt-menu-trigger="click" class="menu-item menu-accordion">
    75|             <span class="menu-link">

Cannot read properties of undefined (reading 'forEach')
[32minfo[39m: GET /favicon.ico 302 - 2.211 ms
[32minfo[39m: GET /dashboard 304 - 12.490 ms
[32minfo[39m: GET / 302 - 2.092 ms
[32minfo[39m: GET /dashboard 304 - 11.465 ms
[32minfo[39m: GET /sass/components/_variables.scss 304 - 1.721 ms
[32minfo[39m: GET /sass/components/_tooltip.scss 304 - 1.600 ms
[32minfo[39m: GET /assets/plugins/custom/fullcalendar/fullcalendar.bundle.css 304 - 1.907 ms
[32minfo[39m: GET /assets/media/logos/default-small.svg 304 - 2.617 ms
[32minfo[39m: GET /assets/plugins/custom/datatables/datatables.bundle.css 304 - 4.147 ms
[32minfo[39m: GET /assets/plugins/global/plugins.bundle.css 304 - 5.154 ms
[32minfo[39m: GET /assets/css/style.bundle.css 304 - 6.257 ms
[32minfo[39m: GET /assets/media/avatars/300-3.jpg 304 - 2.401 ms
[32minfo[39m: GET /assets/images/cop.png 304 - 1.845 ms
[32minfo[39m: GET /assets/plugins/global/plugins.bundle.js 304 - 1.445 ms
[32minfo[39m: GET /assets/js/scripts.bundle.js 304 - 2.046 ms
[32minfo[39m: GET /assets/plugins/custom/formrepeater/formrepeater.bundle.js 304 - 2.352 ms
[32minfo[39m: GET /assets/plugins/custom/fullcalendar/fullcalendar.bundle.js 304 - 0.415 ms
[32minfo[39m: GET /assets/plugins/custom/datatables/datatables.bundle.js 304 - 0.816 ms
[32minfo[39m: GET /assets/js/widgets.bundle.js 304 - 1.280 ms
[32minfo[39m: GET /assets/js/custom/widgets.js 304 - 2.842 ms
[32minfo[39m: GET /assets/js/custom/apps/chat/chat.js 304 - 5.178 ms
[32minfo[39m: GET /assets/js/custom/utilities/modals/upgrade-plan.js 304 - 1.506 ms
[32minfo[39m: GET /assets/js/custom/utilities/modals/create-app.js 304 - 1.964 ms
[32minfo[39m: GET /assets/js/custom/utilities/modals/new-target.js 304 - 5.185 ms
[32minfo[39m: GET /assets/js/custom/utilities/modals/users-search.js 304 - 4.980 ms
[32minfo[39m: GET /js/components/app.js 304 - 5.946 ms
[32minfo[39m: GET /assets/images/cop.png 304 - 1.260 ms
[32minfo[39m: GET /assets/plugins/global/fonts/keenicons/keenicons-duotone.ttf?eut7fk 304 - 0.876 ms
[32minfo[39m: GET /assets/plugins/global/fonts/keenicons/keenicons-duotone.woff?eut7fk 304 - 0.509 ms
[32minfo[39m: Listening to port 5000
[32minfo[39m: Listening to port 5000
[32minfo[39m: GET / 302 - 12.048 ms
[32minfo[39m: GET /dashboard 304 - 115.921 ms
[32minfo[39m: GET /sass/components/_variables.scss 304 - 2.860 ms
[32minfo[39m: GET /sass/components/_tooltip.scss 304 - 0.629 ms
[32minfo[39m: GET /assets/plugins/custom/fullcalendar/fullcalendar.bundle.css 304 - 1.390 ms
[32minfo[39m: GET /assets/plugins/custom/datatables/datatables.bundle.css 304 - 1.038 ms
[32minfo[39m: GET /assets/plugins/global/plugins.bundle.css 304 - 1.462 ms
[32minfo[39m: GET /assets/css/style.bundle.css 304 - 0.816 ms
[32minfo[39m: GET /assets/media/logos/default-small.svg 304 - 2.671 ms
[32minfo[39m: GET /assets/media/avatars/300-3.jpg 304 - 3.145 ms
[32minfo[39m: GET /assets/images/cop.png 304 - 0.794 ms
[32minfo[39m: GET /assets/plugins/global/plugins.bundle.js 304 - 0.927 ms
[32minfo[39m: GET /assets/js/scripts.bundle.js 304 - 0.972 ms
[32minfo[39m: GET /assets/plugins/custom/formrepeater/formrepeater.bundle.js 304 - 0.768 ms
[32minfo[39m: GET /assets/plugins/custom/fullcalendar/fullcalendar.bundle.js 304 - 0.569 ms
[32minfo[39m: GET /assets/plugins/custom/datatables/datatables.bundle.js 304 - 2.489 ms
[32minfo[39m: GET /assets/js/widgets.bundle.js 304 - 1.140 ms
[32minfo[39m: GET /assets/js/custom/widgets.js 304 - 2.150 ms
[32minfo[39m: GET /assets/js/custom/apps/chat/chat.js 304 - 7.869 ms
[32minfo[39m: GET /assets/js/custom/utilities/modals/upgrade-plan.js 304 - 1.331 ms
[32minfo[39m: GET /assets/js/custom/utilities/modals/create-app.js 304 - 3.858 ms
[32minfo[39m: GET /assets/js/custom/utilities/modals/new-target.js 304 - 8.652 ms
[32minfo[39m: GET /assets/js/custom/utilities/modals/users-search.js 304 - 11.095 ms
[32minfo[39m: GET /js/components/app.js 304 - 1.870 ms
[32minfo[39m: GET /assets/images/cop.png 304 - 1.665 ms
[32minfo[39m: GET /assets/plugins/global/fonts/keenicons/keenicons-duotone.ttf?eut7fk 304 - 0.382 ms
[32minfo[39m: GET /assets/plugins/global/fonts/keenicons/keenicons-duotone.woff?eut7fk 304 - 0.432 ms
[32minfo[39m: GET / 302 - 1.851 ms
[32minfo[39m: GET /dashboard 304 - 19.773 ms
[32minfo[39m: GET /sass/components/_variables.scss 304 - 0.515 ms
[32minfo[39m: GET /sass/components/_tooltip.scss 304 - 1.009 ms
[32minfo[39m: GET /assets/plugins/custom/fullcalendar/fullcalendar.bundle.css 304 - 0.863 ms
[32minfo[39m: GET /assets/plugins/custom/datatables/datatables.bundle.css 304 - 1.515 ms
[32minfo[39m: GET /assets/plugins/global/plugins.bundle.css 304 - 0.432 ms
[32minfo[39m: GET /assets/css/style.bundle.css 304 - 0.480 ms
[32minfo[39m: GET /assets/media/logos/default-small.svg 304 - 1.458 ms
[32minfo[39m: GET /assets/media/avatars/300-3.jpg 304 - 1.595 ms
[32minfo[39m: GET /assets/images/cop.png 304 - 0.953 ms
[32minfo[39m: GET /assets/plugins/global/plugins.bundle.js 304 - 2.029 ms
[32minfo[39m: GET /assets/js/scripts.bundle.js 304 - 0.680 ms
[32minfo[39m: GET /assets/plugins/custom/formrepeater/formrepeater.bundle.js 304 - 0.680 ms
[32minfo[39m: GET /assets/plugins/custom/fullcalendar/fullcalendar.bundle.js 304 - 0.854 ms
[32minfo[39m: GET /auth/login 304 - 4.161 ms
[32minfo[39m: GET /assets/plugins/global/plugins.bundle.css 304 - 0.889 ms
[32minfo[39m: GET /assets/css/style.bundle.css 304 - 2.486 ms
[32minfo[39m: GET /assets/images/cop.png 304 - 0.756 ms
[32minfo[39m: GET /assets/images/demo-6.png 206 - 3.314 ms
[32minfo[39m: GET /assets/media/misc/pattern-2.png 304 - 0.537 ms
[31merror[39m: TypeError: C:\Vraj Patel\Development\COP-BACKEND-N\src\views\layouts\main.ejs:99
    97|         <%- include('../partials/header') %>
    98|         <div class="app-wrapper flex-column flex-row-fluid" id="kt_app_wrapper">
 >> 99|           <%- include('../partials/sidebar') %>
    100|           <!-- <div class="app-main flex-column flex-row-fluid" id="kt_app_main">
    101| 						<div class="d-flex flex-column flex-column-fluid"> -->
    102|           <main>

C:\Vraj Patel\Development\COP-BACKEND-N\src\views\partials\sidebar.ejs:72
    70|           data-kt-menu-expand="false"
    71|         >
 >> 72|           <% sidebarItems.forEach(function(item) { %> <% if (item.children &&
    73|           item.children.length > 0) { %>
    74|           <div data-kt-menu-trigger="click" class="menu-item menu-accordion">
    75|             <span class="menu-link">

Cannot read properties of undefined (reading 'forEach')
    at eval (eval at compile (C:\Vraj Patel\Development\COP-BACKEND-N\node_modules\ejs\lib\ejs.js:673:12), <anonymous>:12:21)
    at sidebar (C:\Vraj Patel\Development\COP-BACKEND-N\node_modules\ejs\lib\ejs.js:703:17)
    at include (C:\Vraj Patel\Development\COP-BACKEND-N\node_modules\ejs\lib\ejs.js:701:39)
    at eval (eval at compile (C:\Vraj Patel\Development\COP-BACKEND-N\node_modules\ejs\lib\ejs.js:673:12), <anonymous>:18:17)
    at main (C:\Vraj Patel\Development\COP-BACKEND-N\node_modules\ejs\lib\ejs.js:703:17)
    at tryHandleCache (C:\Vraj Patel\Development\COP-BACKEND-N\node_modules\ejs\lib\ejs.js:274:36)
    at exports.renderFile [as engine] (C:\Vraj Patel\Development\COP-BACKEND-N\node_modules\ejs\lib\ejs.js:491:10)
    at View.render (C:\Vraj Patel\Development\COP-BACKEND-N\node_modules\express\lib\view.js:135:8)
    at tryRender (C:\Vraj Patel\Development\COP-BACKEND-N\node_modules\express\lib\application.js:640:10)
    at Function.render (C:\Vraj Patel\Development\COP-BACKEND-N\node_modules\express\lib\application.js:592:3)
[31merror[39m: POST /auth/login 500 - 223.521 ms - message: C:\Vraj Patel\Development\COP-BACKEND-N\src\views\layouts\main.ejs:99
    97|         <%- include('../partials/header') %>
    98|         <div class="app-wrapper flex-column flex-row-fluid" id="kt_app_wrapper">
 >> 99|           <%- include('../partials/sidebar') %>
    100|           <!-- <div class="app-main flex-column flex-row-fluid" id="kt_app_main">
    101| 						<div class="d-flex flex-column flex-column-fluid"> -->
    102|           <main>

C:\Vraj Patel\Development\COP-BACKEND-N\src\views\partials\sidebar.ejs:72
    70|           data-kt-menu-expand="false"
    71|         >
 >> 72|           <% sidebarItems.forEach(function(item) { %> <% if (item.children &&
    73|           item.children.length > 0) { %>
    74|           <div data-kt-menu-trigger="click" class="menu-item menu-accordion">
    75|             <span class="menu-link">

Cannot read properties of undefined (reading 'forEach')
[32minfo[39m: GET /favicon.ico 302 - 0.829 ms
[32minfo[39m: GET /dashboard 304 - 14.964 ms
[32minfo[39m: Listening to port 5000
[31merror[39m: ReferenceError: C:\Vraj Patel\Development\COP-BACKEND-N\src\views\layouts\main.ejs:104
    102|           <main>
    103|             <%- include('../partials/loader') %>
 >> 104|             <div class="container"><%- body %></div>
    105|           </main>
    106|           <!-- </div>
    107| 					</div> -->

body is not defined
    at eval (eval at compile (C:\Vraj Patel\Development\COP-BACKEND-N\node_modules\ejs\lib\ejs.js:673:12), <anonymous>:24:17)
    at main (C:\Vraj Patel\Development\COP-BACKEND-N\node_modules\ejs\lib\ejs.js:703:17)
    at tryHandleCache (C:\Vraj Patel\Development\COP-BACKEND-N\node_modules\ejs\lib\ejs.js:274:36)
    at exports.renderFile [as engine] (C:\Vraj Patel\Development\COP-BACKEND-N\node_modules\ejs\lib\ejs.js:491:10)
    at View.render (C:\Vraj Patel\Development\COP-BACKEND-N\node_modules\express\lib\view.js:135:8)
    at tryRender (C:\Vraj Patel\Development\COP-BACKEND-N\node_modules\express\lib\application.js:640:10)
    at Function.render (C:\Vraj Patel\Development\COP-BACKEND-N\node_modules\express\lib\application.js:592:3)
    at ServerResponse.render (C:\Vraj Patel\Development\COP-BACKEND-N\node_modules\express\lib\response.js:1012:7)
    at C:\Vraj Patel\Development\COP-BACKEND-N\src\controllers\auth.controller.js:31:6
    at process.processTicksAndRejections (node:internal/process/task_queues:105:5)
[31merror[39m: POST /auth/login 500 - 259.108 ms - message: C:\Vraj Patel\Development\COP-BACKEND-N\src\views\layouts\main.ejs:104
    102|           <main>
    103|             <%- include('../partials/loader') %>
 >> 104|             <div class="container"><%- body %></div>
    105|           </main>
    106|           <!-- </div>
    107| 					</div> -->

body is not defined
[32minfo[39m: GET /favicon.ico 302 - 4.435 ms
[32minfo[39m: GET /dashboard 200 - 39.808 ms
[32minfo[39m: Listening to port 5000
[32minfo[39m: POST /auth/login 200 - 248.634 ms
[32minfo[39m: GET /sass/components/_variables.scss 304 - 2.309 ms
[32minfo[39m: GET /sass/components/_tooltip.scss 304 - 1.445 ms
[32minfo[39m: GET /assets/plugins/custom/fullcalendar/fullcalendar.bundle.css 304 - 1.058 ms
[32minfo[39m: GET /assets/plugins/custom/datatables/datatables.bundle.css 304 - 3.296 ms
[32minfo[39m: GET /assets/plugins/global/plugins.bundle.css 304 - 3.527 ms
[32minfo[39m: GET /assets/css/style.bundle.css 304 - 4.271 ms
[32minfo[39m: GET /assets/media/logos/default-small.svg 304 - 7.064 ms
[32minfo[39m: GET /assets/media/avatars/300-3.jpg 304 - 1.378 ms
[32minfo[39m: GET /assets/images/cop.png 304 - 2.341 ms
[32minfo[39m: GET /assets/plugins/global/plugins.bundle.js 304 - 2.526 ms
[32minfo[39m: GET /assets/js/scripts.bundle.js 304 - 3.498 ms
[32minfo[39m: GET /assets/plugins/custom/formrepeater/formrepeater.bundle.js 304 - 2.476 ms
[32minfo[39m: GET /assets/plugins/custom/fullcalendar/fullcalendar.bundle.js 304 - 2.970 ms
[32minfo[39m: GET /assets/plugins/custom/datatables/datatables.bundle.js 304 - 1.142 ms
[32minfo[39m: GET /assets/js/widgets.bundle.js 304 - 1.626 ms
[32minfo[39m: GET /assets/js/custom/widgets.js 304 - 1.070 ms
[32minfo[39m: GET /assets/js/custom/apps/chat/chat.js 304 - 3.237 ms
[32minfo[39m: GET /assets/js/custom/utilities/modals/upgrade-plan.js 304 - 5.641 ms
[32minfo[39m: GET /assets/js/custom/utilities/modals/create-app.js 304 - 3.053 ms
[32minfo[39m: GET /assets/js/custom/utilities/modals/new-target.js 304 - 3.304 ms
[32minfo[39m: GET /assets/js/custom/utilities/modals/users-search.js 304 - 0.543 ms
[32minfo[39m: GET /js/components/app.js 304 - 2.813 ms
[32minfo[39m: GET /assets/plugins/global/fonts/keenicons/keenicons-duotone.ttf?eut7fk 304 - 0.329 ms
[32minfo[39m: GET /assets/plugins/global/fonts/keenicons/keenicons-duotone.woff?eut7fk 304 - 0.355 ms
[32minfo[39m: POST /auth/login 200 - 151.421 ms
[32minfo[39m: GET /sass/components/_variables.scss 304 - 0.877 ms
[32minfo[39m: GET /assets/plugins/custom/fullcalendar/fullcalendar.bundle.css 304 - 1.403 ms
[32minfo[39m: GET /sass/components/_tooltip.scss 304 - 2.752 ms
[32minfo[39m: GET /assets/plugins/custom/datatables/datatables.bundle.css 304 - 2.897 ms
[32minfo[39m: GET /assets/plugins/global/plugins.bundle.css 304 - 5.392 ms
[32minfo[39m: GET /assets/css/style.bundle.css 304 - 6.385 ms
[32minfo[39m: GET /assets/media/logos/default-small.svg 304 - 0.663 ms
[32minfo[39m: GET /assets/media/avatars/300-3.jpg 304 - 1.720 ms
[32minfo[39m: GET /assets/images/cop.png 304 - 0.625 ms
[32minfo[39m: GET /assets/plugins/global/plugins.bundle.js 304 - 1.096 ms
[32minfo[39m: GET /assets/js/scripts.bundle.js 304 - 0.668 ms
[32minfo[39m: GET /assets/plugins/custom/formrepeater/formrepeater.bundle.js 304 - 1.030 ms
[32minfo[39m: GET /assets/plugins/custom/fullcalendar/fullcalendar.bundle.js 304 - 0.346 ms
[32minfo[39m: GET /assets/plugins/global/fonts/keenicons/keenicons-duotone.ttf?eut7fk 304 - 0.439 ms
[32minfo[39m: GET /assets/plugins/global/fonts/keenicons/keenicons-duotone.woff?eut7fk 304 - 0.825 ms
[32minfo[39m: GET /assets/plugins/custom/datatables/datatables.bundle.js 304 - 0.388 ms
[32minfo[39m: GET /assets/js/widgets.bundle.js 304 - 0.342 ms
[32minfo[39m: GET /assets/js/custom/widgets.js 304 - 0.348 ms
[32minfo[39m: GET /assets/js/custom/apps/chat/chat.js 304 - 0.380 ms
[32minfo[39m: GET /assets/js/custom/utilities/modals/upgrade-plan.js 304 - 0.458 ms
[32minfo[39m: GET /assets/js/custom/utilities/modals/create-app.js 304 - 0.357 ms
[32minfo[39m: GET /assets/js/custom/utilities/modals/new-target.js 304 - 0.433 ms
[32minfo[39m: GET /assets/js/custom/utilities/modals/users-search.js 304 - 0.384 ms
[32minfo[39m: GET /js/components/app.js 304 - 0.448 ms
[32minfo[39m: GET /assets/images/cop.png 304 - 0.478 ms
[32minfo[39m: GET / 302 - 8.922 ms
[32minfo[39m: GET /dashboard 304 - 28.165 ms
[32minfo[39m: GET /sass/components/_variables.scss 304 - 2.116 ms
[32minfo[39m: GET /sass/components/_tooltip.scss 304 - 1.256 ms
[32minfo[39m: GET /assets/plugins/custom/fullcalendar/fullcalendar.bundle.css 304 - 0.943 ms
[32minfo[39m: GET /assets/plugins/custom/datatables/datatables.bundle.css 304 - 1.620 ms
[32minfo[39m: GET /assets/plugins/global/plugins.bundle.css 304 - 1.748 ms
[32minfo[39m: GET /assets/css/style.bundle.css 304 - 3.694 ms
[32minfo[39m: GET /assets/media/logos/default-small.svg 304 - 1.309 ms
[32minfo[39m: GET /assets/media/avatars/300-3.jpg 304 - 1.522 ms
[32minfo[39m: GET /assets/images/cop.png 304 - 0.574 ms
[32minfo[39m: GET /assets/plugins/global/plugins.bundle.js 304 - 1.385 ms
[32minfo[39m: GET /assets/js/scripts.bundle.js 304 - 2.006 ms
[32minfo[39m: GET /assets/plugins/custom/formrepeater/formrepeater.bundle.js 304 - 1.205 ms
[32minfo[39m: GET /assets/plugins/custom/fullcalendar/fullcalendar.bundle.js 304 - 3.546 ms
[32minfo[39m: GET /assets/plugins/custom/datatables/datatables.bundle.js 304 - 1.681 ms
[32minfo[39m: GET /assets/js/widgets.bundle.js 304 - 21.301 ms
[32minfo[39m: GET /assets/js/custom/apps/chat/chat.js 304 - 15.234 ms
[32minfo[39m: GET /assets/js/custom/widgets.js 304 - 18.437 ms
[32minfo[39m: GET /assets/js/custom/utilities/modals/create-app.js 304 - 2.455 ms
[32minfo[39m: GET /assets/js/custom/utilities/modals/upgrade-plan.js 304 - 5.727 ms
[32minfo[39m: GET /assets/js/custom/utilities/modals/new-target.js 304 - 7.245 ms
[32minfo[39m: GET /assets/js/custom/utilities/modals/users-search.js 304 - 10.423 ms
[32minfo[39m: GET /js/components/app.js 304 - 2.724 ms
[32minfo[39m: GET /assets/images/cop.png 304 - 4.006 ms
[32minfo[39m: GET /assets/plugins/global/fonts/keenicons/keenicons-duotone.ttf?eut7fk 304 - 0.685 ms
[32minfo[39m: GET /assets/plugins/global/fonts/keenicons/keenicons-duotone.woff?eut7fk 304 - 0.781 ms
[32minfo[39m: Listening to port 5000
[32minfo[39m: Listening to port 5000
[32minfo[39m: GET /dashboard 304 - 93.934 ms
[32minfo[39m: GET /sass/components/_variables.scss 304 - 1.699 ms
[32minfo[39m: GET /sass/components/_tooltip.scss 304 - 2.241 ms
[32minfo[39m: GET /assets/plugins/custom/fullcalendar/fullcalendar.bundle.css 304 - 3.077 ms
[32minfo[39m: GET /assets/plugins/custom/datatables/datatables.bundle.css 304 - 4.637 ms
[32minfo[39m: GET /assets/plugins/global/plugins.bundle.css 304 - 7.444 ms
[32minfo[39m: GET /assets/css/style.bundle.css 304 - 9.448 ms
[32minfo[39m: GET /assets/media/logos/default-small.svg 304 - 2.654 ms
[32minfo[39m: GET /assets/media/avatars/300-3.jpg 304 - 3.182 ms
[32minfo[39m: GET /assets/images/cop.png 304 - 0.842 ms
[32minfo[39m: GET /assets/plugins/global/plugins.bundle.js 304 - 1.453 ms
[32minfo[39m: GET /assets/js/scripts.bundle.js 304 - 2.593 ms
[32minfo[39m: GET /assets/plugins/custom/formrepeater/formrepeater.bundle.js 304 - 2.657 ms
[32minfo[39m: GET /assets/plugins/custom/fullcalendar/fullcalendar.bundle.js 304 - 0.809 ms
[32minfo[39m: GET /assets/plugins/custom/datatables/datatables.bundle.js 304 - 1.161 ms
[32minfo[39m: GET /assets/js/widgets.bundle.js 304 - 1.711 ms
[32minfo[39m: GET /assets/js/custom/widgets.js 304 - 3.565 ms
[32minfo[39m: GET /assets/js/custom/apps/chat/chat.js 304 - 3.982 ms
[32minfo[39m: GET /assets/js/custom/utilities/modals/upgrade-plan.js 304 - 4.992 ms
[32minfo[39m: GET /assets/js/custom/utilities/modals/create-app.js 304 - 6.237 ms
[32minfo[39m: GET /assets/js/custom/utilities/modals/new-target.js 304 - 1.590 ms
[32minfo[39m: GET /assets/js/custom/utilities/modals/users-search.js 304 - 3.393 ms
[32minfo[39m: GET /js/components/app.js 304 - 3.675 ms
[32minfo[39m: GET /assets/images/cop.png 304 - 4.629 ms
[32minfo[39m: GET /assets/plugins/global/fonts/keenicons/keenicons-duotone.ttf?eut7fk 304 - 0.593 ms
[32minfo[39m: GET /assets/plugins/global/fonts/keenicons/keenicons-duotone.woff?eut7fk 304 - 0.555 ms
[32minfo[39m: GET / 302 - 12.103 ms
[32minfo[39m: GET /dashboard 304 - 16.351 ms
[32minfo[39m: GET /sass/components/_variables.scss 304 - 2.219 ms
[32minfo[39m: GET /sass/components/_tooltip.scss 304 - 5.063 ms
[32minfo[39m: GET /assets/plugins/custom/fullcalendar/fullcalendar.bundle.css 304 - 1.276 ms
[32minfo[39m: GET /assets/plugins/custom/datatables/datatables.bundle.css 304 - 1.625 ms
[32minfo[39m: GET /assets/plugins/global/plugins.bundle.css 304 - 0.452 ms
[32minfo[39m: GET /assets/css/style.bundle.css 304 - 2.063 ms
[32minfo[39m: GET /assets/media/logos/default-small.svg 304 - 1.149 ms
[32minfo[39m: GET /assets/media/avatars/300-3.jpg 304 - 1.679 ms
[32minfo[39m: GET /assets/images/cop.png 304 - 0.718 ms
[32minfo[39m: GET /assets/plugins/global/plugins.bundle.js 304 - 0.522 ms
[32minfo[39m: GET /assets/js/scripts.bundle.js 304 - 0.604 ms
[32minfo[39m: GET /assets/plugins/custom/formrepeater/formrepeater.bundle.js 304 - 1.475 ms
[32minfo[39m: GET /assets/plugins/custom/fullcalendar/fullcalendar.bundle.js 304 - 2.116 ms
[32minfo[39m: GET /assets/plugins/custom/datatables/datatables.bundle.js 304 - 0.440 ms
[32minfo[39m: GET /assets/js/widgets.bundle.js 304 - 0.489 ms
[32minfo[39m: GET /assets/js/custom/widgets.js 304 - 0.561 ms
[32minfo[39m: GET /assets/js/custom/apps/chat/chat.js 304 - 1.308 ms
[32minfo[39m: GET /assets/js/custom/utilities/modals/upgrade-plan.js 304 - 1.886 ms
[32minfo[39m: GET /assets/plugins/global/fonts/keenicons/keenicons-duotone.ttf?eut7fk 304 - 1.343 ms
[32minfo[39m: GET /assets/js/custom/utilities/modals/create-app.js 304 - 2.127 ms
[32minfo[39m: GET /assets/js/custom/utilities/modals/new-target.js 304 - 0.884 ms
[32minfo[39m: GET /assets/js/custom/utilities/modals/users-search.js 304 - 0.493 ms
[32minfo[39m: GET /js/components/app.js 304 - 0.429 ms
[32minfo[39m: GET /assets/plugins/global/fonts/keenicons/keenicons-duotone.woff?eut7fk 304 - 0.483 ms
[32minfo[39m: GET /assets/images/cop.png 304 - 0.421 ms
[32minfo[39m: GET /auth/login 200 - 8.940 ms
[32minfo[39m: GET /assets/plugins/global/plugins.bundle.css 304 - 0.559 ms
[32minfo[39m: GET /assets/css/style.bundle.css 304 - 1.090 ms
[32minfo[39m: GET /assets/images/cop.png 304 - 5.816 ms
[32minfo[39m: GET /assets/images/demo-6.png 206 - 9.147 ms
[32minfo[39m: GET /assets/media/misc/pattern-2.png 304 - 0.388 ms
[32minfo[39m: POST /auth/login 200 - 180.656 ms
[32minfo[39m: GET /dashboard 304 - 16.911 ms
[32minfo[39m: GET /sass/components/_variables.scss 304 - 0.422 ms
[32minfo[39m: GET /sass/components/_tooltip.scss 304 - 0.539 ms
[32minfo[39m: GET /assets/plugins/global/plugins.bundle.css 304 - 1.424 ms
[32minfo[39m: GET /assets/plugins/custom/fullcalendar/fullcalendar.bundle.css 304 - 1.590 ms
[32minfo[39m: GET /assets/plugins/custom/datatables/datatables.bundle.css 304 - 2.305 ms
[32minfo[39m: GET /assets/css/style.bundle.css 304 - 2.737 ms
[32minfo[39m: GET /assets/media/logos/default-small.svg 304 - 2.465 ms
[32minfo[39m: GET /assets/media/avatars/300-3.jpg 304 - 3.325 ms
[32minfo[39m: GET /assets/images/cop.png 304 - 0.759 ms
[32minfo[39m: GET /assets/plugins/global/plugins.bundle.js 304 - 1.365 ms
[32minfo[39m: GET /assets/js/scripts.bundle.js 304 - 0.973 ms
[32minfo[39m: GET /assets/plugins/custom/formrepeater/formrepeater.bundle.js 304 - 1.561 ms
[32minfo[39m: GET /assets/plugins/custom/fullcalendar/fullcalendar.bundle.js 304 - 0.689 ms
[32minfo[39m: GET /assets/plugins/custom/datatables/datatables.bundle.js 304 - 1.749 ms
[32minfo[39m: GET /assets/js/widgets.bundle.js 304 - 7.078 ms
[32minfo[39m: GET /assets/js/custom/widgets.js 304 - 4.229 ms
[32minfo[39m: GET /assets/js/custom/apps/chat/chat.js 304 - 4.151 ms
[32minfo[39m: GET /assets/js/custom/utilities/modals/upgrade-plan.js 304 - 4.514 ms
[32minfo[39m: GET /assets/js/custom/utilities/modals/create-app.js 304 - 4.993 ms
[32minfo[39m: GET /assets/js/custom/utilities/modals/new-target.js 304 - 1.395 ms
[32minfo[39m: GET /assets/js/custom/utilities/modals/users-search.js 304 - 1.818 ms
[32minfo[39m: GET /js/components/app.js 304 - 2.597 ms
[32minfo[39m: GET /assets/plugins/global/fonts/keenicons/keenicons-duotone.ttf?eut7fk 304 - 0.388 ms
[32minfo[39m: GET /assets/plugins/global/fonts/keenicons/keenicons-duotone.woff?eut7fk 304 - 0.394 ms
[32minfo[39m: GET /car-model 302 - 17.598 ms
[32minfo[39m: GET /auth/login 200 - 2.094 ms
[32minfo[39m: GET /assets/plugins/global/plugins.bundle.css 304 - 0.613 ms
[32minfo[39m: GET /assets/css/style.bundle.css 304 - 1.275 ms
[32minfo[39m: GET /assets/images/cop.png 304 - 5.603 ms
[32minfo[39m: GET /assets/images/demo-6.png 206 - 8.223 ms
[32minfo[39m: GET /assets/media/misc/pattern-2.png 304 - 0.416 ms
[32minfo[39m: Listening to port 5000
[32minfo[39m: Listening to port 5000
