[32minfo[39m: Listening to port 5000
[32minfo[39m: GET / 302 - 25.394 ms
[32minfo[39m: GET /dashboard 302 - 2.394 ms
[32minfo[39m: GET /auth/login 200 - 18.950 ms
[32minfo[39m: GET /assets/images/cop.png 200 - 7.468 ms
[32minfo[39m: GET /assets/plugins/global/plugins.bundle.css 200 - 10.252 ms
[32minfo[39m: GET /assets/css/style.bundle.css 200 - 7.678 ms
[32minfo[39m: GET /assets/images/demo-6.png 200 - 10.616 ms
[32minfo[39m: GET /assets/media/misc/pattern-2.png 200 - 2.566 ms
[32minfo[39m: POST /auth/login 200 - 274.330 ms
[32minfo[39m: GET /dashboard 200 - 34.068 ms
[32minfo[39m: GET /sass/components/_variables.scss 200 - 1.308 ms
[32minfo[39m: GET /sass/components/_tooltip.scss 200 - 2.311 ms
[32minfo[39m: GET /assets/plugins/global/plugins.bundle.css 304 - 2.763 ms
[32minfo[39m: GET /assets/css/style.bundle.css 304 - 3.787 ms
[32minfo[39m: GET /assets/plugins/custom/fullcalendar/fullcalendar.bundle.css 200 - 8.565 ms
[32minfo[39m: GET /assets/plugins/custom/datatables/datatables.bundle.css 200 - 9.181 ms
[32minfo[39m: GET /assets/media/logos/default-small.svg 200 - 9.272 ms
[32minfo[39m: GET /assets/media/avatars/300-3.jpg 200 - 10.152 ms
[32minfo[39m: GET /assets/images/cop.png 304 - 0.630 ms
[32minfo[39m: GET /assets/js/scripts.bundle.js 200 - 1.936 ms
[32minfo[39m: GET /assets/plugins/custom/formrepeater/formrepeater.bundle.js 200 - 4.765 ms
[32minfo[39m: GET /assets/plugins/custom/fullcalendar/fullcalendar.bundle.js 200 - 8.896 ms
[32minfo[39m: GET /assets/js/widgets.bundle.js 200 - 9.497 ms
[32minfo[39m: GET /assets/js/custom/widgets.js 200 - 10.933 ms
[32minfo[39m: GET /assets/plugins/global/plugins.bundle.js 200 - 1.031 ms
[32minfo[39m: GET /assets/js/custom/apps/chat/chat.js 200 - 17.451 ms
[32minfo[39m: GET /assets/js/custom/utilities/modals/upgrade-plan.js 200 - 14.612 ms
[32minfo[39m: GET /assets/js/custom/utilities/modals/create-app.js 200 - 16.926 ms
[32minfo[39m: GET /assets/js/custom/utilities/modals/users-search.js 200 - 16.728 ms
[32minfo[39m: GET /assets/js/custom/utilities/modals/new-target.js 200 - 29.177 ms
[32minfo[39m: GET /js/components/app.js 200 - 13.396 ms
[32minfo[39m: GET /assets/plugins/global/fonts/keenicons/keenicons-duotone.ttf?eut7fk 200 - 2.752 ms
[32minfo[39m: GET /assets/plugins/custom/datatables/datatables.bundle.js 200 - 2.762 ms
[32minfo[39m: GET /brand 200 - 25.054 ms
[32minfo[39m: GET /sass/components/_variables.scss 304 - 1.385 ms
[32minfo[39m: GET /sass/components/_tooltip.scss 304 - 1.645 ms
[32minfo[39m: GET /assets/plugins/custom/fullcalendar/fullcalendar.bundle.css 304 - 1.558 ms
[32minfo[39m: GET /assets/plugins/custom/datatables/datatables.bundle.css 304 - 2.209 ms
[32minfo[39m: GET /assets/plugins/global/plugins.bundle.css 304 - 4.289 ms
[32minfo[39m: GET /assets/css/style.bundle.css 304 - 2.665 ms
[32minfo[39m: GET /assets/media/logos/default-small.svg 304 - 3.190 ms
[32minfo[39m: GET /assets/media/avatars/300-3.jpg 304 - 4.446 ms
[32minfo[39m: GET /assets/images/cop.png 304 - 1.290 ms
[32minfo[39m: GET /js/datatable/datatable.js 200 - 2.679 ms
[32minfo[39m: GET /assets/plugins/global/plugins.bundle.js 304 - 0.887 ms
[32minfo[39m: GET /assets/js/scripts.bundle.js 304 - 2.405 ms
[32minfo[39m: GET /assets/plugins/custom/formrepeater/formrepeater.bundle.js 304 - 0.452 ms
[32minfo[39m: GET /assets/plugins/custom/fullcalendar/fullcalendar.bundle.js 304 - 0.865 ms
[32minfo[39m: GET /assets/plugins/custom/datatables/datatables.bundle.js 304 - 2.799 ms
[32minfo[39m: GET /assets/js/widgets.bundle.js 304 - 7.256 ms
[32minfo[39m: GET /assets/js/custom/widgets.js 304 - 3.234 ms
[32minfo[39m: GET /assets/js/custom/apps/chat/chat.js 304 - 3.723 ms
[32minfo[39m: GET /assets/js/custom/utilities/modals/upgrade-plan.js 304 - 4.317 ms
[32minfo[39m: GET /assets/js/custom/utilities/modals/create-app.js 304 - 7.018 ms
[32minfo[39m: GET /assets/js/custom/utilities/modals/new-target.js 304 - 4.832 ms
[32minfo[39m: GET /assets/js/custom/utilities/modals/users-search.js 304 - 1.514 ms
[32minfo[39m: GET /js/components/app.js 304 - 1.881 ms
[32minfo[39m: GET /assets/plugins/global/fonts/keenicons/keenicons-duotone.ttf?eut7fk 304 - 0.686 ms
[32minfo[39m: GET /brand/all?draw=1&columns%5B0%5D%5Bdata%5D=&columns%5B0%5D%5Bname%5D=sr_no&columns%5B0%5D%5Bsearchable%5D=true&columns%5B0%5D%5Borderable%5D=false&columns%5B0%5D%5Bsearch%5D%5Bvalue%5D=&columns%5B0%5D%5Bsearch%5D%5Bregex%5D=false&columns%5B1%5D%5Bdata%5D=brand_name&columns%5B1%5D%5Bname%5D=brand_name&columns%5B1%5D%5Bsearchable%5D=true&columns%5B1%5D%5Borderable%5D=true&columns%5B1%5D%5Bsearch%5D%5Bvalue%5D=&columns%5B1%5D%5Bsearch%5D%5Bregex%5D=false&columns%5B2%5D%5Bdata%5D=status&columns%5B2%5D%5Bname%5D=Status&columns%5B2%5D%5Bsearchable%5D=true&columns%5B2%5D%5Borderable%5D=true&columns%5B2%5D%5Bsearch%5D%5Bvalue%5D=&columns%5B2%5D%5Bsearch%5D%5Bregex%5D=false&columns%5B3%5D%5Bdata%5D=uuid&columns%5B3%5D%5Bname%5D=uuid&columns%5B3%5D%5Bsearchable%5D=false&columns%5B3%5D%5Borderable%5D=false&columns%5B3%5D%5Bsearch%5D%5Bvalue%5D=&columns%5B3%5D%5Bsearch%5D%5Bregex%5D=false&order%5B0%5D%5Bcolumn%5D=0&order%5B0%5D%5Bdir%5D=asc&order%5B0%5D%5Bname%5D=sr_no&start=0&length=10&search%5Bvalue%5D=&search%5Bregex%5D=false&_=1741843309700 200 - 20.387 ms
[32minfo[39m: GET /assets/plugins/global/fonts/@fortawesome/fa-solid-900.woff2 200 - 0.801 ms
[31merror[39m: TypeError: Cannot read properties of null (reading 'dataValues')
    at C:\Vraj Patel\Development\COP-BACKEND-N\src\controllers\brand.controller.js:75:18
    at process.processTicksAndRejections (node:internal/process/task_queues:105:5)
[31merror[39m: GET /brand/null/edit 500 - 13.911 ms - message: Cannot read properties of null (reading 'dataValues')
[32minfo[39m: GET /favicon.ico 302 - 1.009 ms
[32minfo[39m: GET /dashboard 304 - 15.304 ms
[32minfo[39m: GET / 302 - 2.361 ms
[32minfo[39m: GET /dashboard 304 - 12.020 ms
[32minfo[39m: GET /sass/components/_variables.scss 304 - 1.139 ms
[32minfo[39m: GET /sass/components/_tooltip.scss 304 - 6.954 ms
[32minfo[39m: GET /assets/plugins/custom/fullcalendar/fullcalendar.bundle.css 304 - 6.043 ms
[32minfo[39m: GET /assets/plugins/custom/datatables/datatables.bundle.css 304 - 8.454 ms
[32minfo[39m: GET /assets/plugins/global/plugins.bundle.css 304 - 9.302 ms
[32minfo[39m: GET /assets/css/style.bundle.css 304 - 11.989 ms
[32minfo[39m: GET /assets/media/logos/default-small.svg 304 - 19.365 ms
[32minfo[39m: GET /assets/media/avatars/300-3.jpg 304 - 3.131 ms
[32minfo[39m: GET /assets/images/cop.png 304 - 0.747 ms
[32minfo[39m: GET /assets/plugins/global/plugins.bundle.js 304 - 1.462 ms
[32minfo[39m: GET /assets/js/scripts.bundle.js 304 - 2.478 ms
[32minfo[39m: GET /assets/plugins/custom/formrepeater/formrepeater.bundle.js 304 - 4.205 ms
[32minfo[39m: GET /assets/plugins/custom/fullcalendar/fullcalendar.bundle.js 304 - 0.609 ms
[32minfo[39m: GET /assets/plugins/custom/datatables/datatables.bundle.js 304 - 1.798 ms
[32minfo[39m: GET /assets/js/widgets.bundle.js 304 - 2.255 ms
[32minfo[39m: GET /assets/js/custom/widgets.js 304 - 2.636 ms
[32minfo[39m: GET /assets/js/custom/apps/chat/chat.js 304 - 4.869 ms
[32minfo[39m: GET /assets/js/custom/utilities/modals/upgrade-plan.js 304 - 5.532 ms
[32minfo[39m: GET /assets/js/custom/utilities/modals/create-app.js 304 - 4.595 ms
[32minfo[39m: GET /assets/js/custom/utilities/modals/new-target.js 304 - 1.147 ms
[32minfo[39m: GET /assets/js/custom/utilities/modals/users-search.js 304 - 3.019 ms
[32minfo[39m: GET /js/components/app.js 304 - 3.846 ms
[32minfo[39m: GET /assets/plugins/global/fonts/keenicons/keenicons-duotone.ttf?eut7fk 304 - 0.644 ms
[32minfo[39m: GET /auth/logout 204 - 33.996 ms
[32minfo[39m: GET /auth/login 200 - 7.111 ms
[32minfo[39m: GET /assets/plugins/global/plugins.bundle.css 304 - 0.738 ms
[32minfo[39m: GET /assets/css/style.bundle.css 304 - 1.304 ms
[32minfo[39m: GET /assets/images/cop.png 304 - 2.174 ms
[32minfo[39m: GET /assets/images/demo-6.png 304 - 3.194 ms
[32minfo[39m: GET /assets/media/misc/pattern-2.png 304 - 1.343 ms
[32minfo[39m: POST /auth/login 200 - 140.715 ms
[32minfo[39m: GET /dashboard 304 - 15.761 ms
[32minfo[39m: GET /sass/components/_variables.scss 304 - 0.937 ms
[32minfo[39m: GET /sass/components/_tooltip.scss 304 - 0.746 ms
[32minfo[39m: GET /assets/plugins/custom/fullcalendar/fullcalendar.bundle.css 304 - 1.956 ms
[32minfo[39m: GET /assets/plugins/custom/datatables/datatables.bundle.css 304 - 3.064 ms
[32minfo[39m: GET /assets/plugins/global/plugins.bundle.css 304 - 7.481 ms
[32minfo[39m: GET /assets/css/style.bundle.css 304 - 2.914 ms
[32minfo[39m: GET /assets/media/logos/default-small.svg 304 - 3.369 ms
[32minfo[39m: GET /assets/media/avatars/300-3.jpg 304 - 3.795 ms
[32minfo[39m: GET /assets/images/cop.png 304 - 0.690 ms
[32minfo[39m: GET /assets/plugins/global/plugins.bundle.js 304 - 2.052 ms
[32minfo[39m: GET /assets/js/scripts.bundle.js 304 - 0.442 ms
[32minfo[39m: GET /assets/plugins/custom/formrepeater/formrepeater.bundle.js 304 - 1.062 ms
[32minfo[39m: GET /assets/plugins/custom/fullcalendar/fullcalendar.bundle.js 304 - 1.708 ms
[32minfo[39m: GET /assets/plugins/custom/datatables/datatables.bundle.js 304 - 6.821 ms
[32minfo[39m: GET /assets/js/widgets.bundle.js 304 - 7.625 ms
[32minfo[39m: GET /assets/js/custom/widgets.js 304 - 7.911 ms
[32minfo[39m: GET /assets/js/custom/apps/chat/chat.js 304 - 7.689 ms
[32minfo[39m: GET /assets/js/custom/utilities/modals/upgrade-plan.js 304 - 1.749 ms
[32minfo[39m: GET /assets/js/custom/utilities/modals/create-app.js 304 - 2.579 ms
[32minfo[39m: GET /assets/js/custom/utilities/modals/new-target.js 304 - 1.452 ms
[32minfo[39m: GET /assets/js/custom/utilities/modals/users-search.js 304 - 4.456 ms
[32minfo[39m: GET /js/components/app.js 304 - 7.635 ms
[32minfo[39m: GET /assets/plugins/global/fonts/keenicons/keenicons-duotone.ttf?eut7fk 304 - 0.623 ms
[32minfo[39m: GET /index.html 302 - 1.108 ms
[32minfo[39m: GET /dashboard 304 - 24.116 ms
[32minfo[39m: GET /sass/components/_variables.scss 304 - 0.596 ms
[32minfo[39m: GET /sass/components/_tooltip.scss 304 - 0.743 ms
[32minfo[39m: GET /assets/plugins/custom/fullcalendar/fullcalendar.bundle.css 304 - 2.424 ms
[32minfo[39m: GET /assets/plugins/custom/datatables/datatables.bundle.css 304 - 2.882 ms
[32minfo[39m: GET /assets/plugins/global/plugins.bundle.css 304 - 6.110 ms
[32minfo[39m: GET /assets/css/style.bundle.css 304 - 10.664 ms
[32minfo[39m: GET /assets/media/logos/default-small.svg 304 - 18.934 ms
[32minfo[39m: GET /assets/media/avatars/300-3.jpg 304 - 39.941 ms
[32minfo[39m: GET /assets/images/cop.png 304 - 1.042 ms
[32minfo[39m: GET /assets/plugins/global/plugins.bundle.js 304 - 12.801 ms
[32minfo[39m: GET /assets/js/scripts.bundle.js 304 - 0.913 ms
[32minfo[39m: GET /assets/plugins/custom/formrepeater/formrepeater.bundle.js 304 - 1.516 ms
[32minfo[39m: GET /assets/plugins/custom/fullcalendar/fullcalendar.bundle.js 304 - 1.139 ms
[32minfo[39m: GET /assets/plugins/custom/datatables/datatables.bundle.js 304 - 2.915 ms
[32minfo[39m: GET /assets/js/widgets.bundle.js 304 - 3.185 ms
[32minfo[39m: GET /assets/js/custom/widgets.js 304 - 2.103 ms
[32minfo[39m: GET /assets/js/custom/apps/chat/chat.js 304 - 4.901 ms
[32minfo[39m: GET /assets/js/custom/utilities/modals/upgrade-plan.js 304 - 3.026 ms
[32minfo[39m: GET /assets/js/custom/utilities/modals/create-app.js 304 - 3.263 ms
[32minfo[39m: GET /assets/js/custom/utilities/modals/new-target.js 304 - 3.772 ms
[32minfo[39m: GET /assets/js/custom/utilities/modals/users-search.js 304 - 3.698 ms
[32minfo[39m: GET /js/components/app.js 304 - 2.669 ms
[32minfo[39m: GET /assets/plugins/global/fonts/keenicons/keenicons-duotone.ttf?eut7fk 304 - 1.090 ms
[32minfo[39m: GET /index.html 302 - 1.001 ms
[32minfo[39m: GET /dashboard 304 - 14.829 ms
[32minfo[39m: GET /sass/components/_variables.scss 304 - 0.556 ms
[32minfo[39m: GET /sass/components/_tooltip.scss 304 - 0.558 ms
[32minfo[39m: GET /assets/plugins/custom/fullcalendar/fullcalendar.bundle.css 304 - 0.871 ms
[32minfo[39m: GET /assets/plugins/custom/datatables/datatables.bundle.css 304 - 2.625 ms
[32minfo[39m: GET /assets/plugins/global/plugins.bundle.css 304 - 1.729 ms
[32minfo[39m: GET /assets/css/style.bundle.css 304 - 5.359 ms
[32minfo[39m: GET /assets/media/logos/default-small.svg 304 - 3.606 ms
[32minfo[39m: GET /assets/media/avatars/300-3.jpg 304 - 3.862 ms
[32minfo[39m: GET /assets/images/cop.png 304 - 0.604 ms
[32minfo[39m: GET /assets/plugins/global/plugins.bundle.js 304 - 1.016 ms
[32minfo[39m: GET /assets/js/scripts.bundle.js 304 - 1.860 ms
[32minfo[39m: GET /assets/plugins/custom/formrepeater/formrepeater.bundle.js 304 - 0.854 ms
[32minfo[39m: GET /assets/plugins/custom/fullcalendar/fullcalendar.bundle.js 304 - 2.006 ms
[32minfo[39m: GET /assets/plugins/custom/datatables/datatables.bundle.js 304 - 1.601 ms
[32minfo[39m: GET /assets/js/widgets.bundle.js 304 - 3.351 ms
[32minfo[39m: GET /assets/js/custom/widgets.js 304 - 2.108 ms
[32minfo[39m: GET /assets/js/custom/apps/chat/chat.js 304 - 2.607 ms
[32minfo[39m: GET /assets/js/custom/utilities/modals/upgrade-plan.js 304 - 4.209 ms
[32minfo[39m: GET /assets/js/custom/utilities/modals/create-app.js 304 - 2.006 ms
[32minfo[39m: GET /assets/js/custom/utilities/modals/new-target.js 304 - 4.464 ms
[32minfo[39m: GET /assets/js/custom/utilities/modals/users-search.js 304 - 1.240 ms
[32minfo[39m: GET /js/components/app.js 304 - 1.595 ms
[32minfo[39m: GET /assets/plugins/global/fonts/keenicons/keenicons-duotone.ttf?eut7fk 304 - 0.515 ms
[32minfo[39m: GET /index.html 302 - 1.142 ms
[32minfo[39m: GET /dashboard 304 - 15.451 ms
[32minfo[39m: GET /sass/components/_variables.scss 304 - 0.914 ms
[32minfo[39m: GET /sass/components/_tooltip.scss 304 - 1.353 ms
[32minfo[39m: GET /assets/plugins/custom/fullcalendar/fullcalendar.bundle.css 304 - 1.989 ms
[32minfo[39m: GET /assets/plugins/custom/datatables/datatables.bundle.css 304 - 3.628 ms
[32minfo[39m: GET /assets/plugins/global/plugins.bundle.css 304 - 6.786 ms
[32minfo[39m: GET /assets/css/style.bundle.css 304 - 5.398 ms
[32minfo[39m: GET /assets/media/logos/default-small.svg 304 - 5.824 ms
[32minfo[39m: GET /assets/media/avatars/300-3.jpg 304 - 6.407 ms
[32minfo[39m: GET /assets/images/cop.png 304 - 1.023 ms
[32minfo[39m: GET /assets/plugins/global/plugins.bundle.js 304 - 1.480 ms
[32minfo[39m: GET /assets/js/scripts.bundle.js 304 - 0.469 ms
[32minfo[39m: GET /assets/plugins/custom/formrepeater/formrepeater.bundle.js 304 - 0.968 ms
[32minfo[39m: GET /assets/plugins/custom/fullcalendar/fullcalendar.bundle.js 304 - 1.196 ms
[32minfo[39m: GET /assets/plugins/custom/datatables/datatables.bundle.js 304 - 1.416 ms
[32minfo[39m: GET /assets/js/widgets.bundle.js 304 - 1.870 ms
[32minfo[39m: GET /assets/js/custom/widgets.js 304 - 2.083 ms
[32minfo[39m: GET /assets/js/custom/apps/chat/chat.js 304 - 1.313 ms
[32minfo[39m: GET /assets/js/custom/utilities/modals/upgrade-plan.js 304 - 1.733 ms
[32minfo[39m: GET /assets/js/custom/utilities/modals/create-app.js 304 - 4.100 ms
[32minfo[39m: GET /assets/js/custom/utilities/modals/new-target.js 304 - 3.530 ms
[32minfo[39m: GET /assets/js/custom/utilities/modals/users-search.js 304 - 3.613 ms
[32minfo[39m: GET /js/components/app.js 304 - 4.678 ms
[32minfo[39m: GET /assets/plugins/global/fonts/keenicons/keenicons-duotone.ttf?eut7fk 304 - 0.468 ms
[32minfo[39m: Listening to port 5000
[32minfo[39m: Listening to port 5000
